<?xml version="1.0" encoding="UTF-8"?>
<!-- Generated by org.testng.reporters.JUnitXMLReporter -->
<testsuite ignored="0" hostname="DESKTOP-VT88O37-GURU" failures="0" tests="3" name="Default test" time="41.811" errors="0" timestamp="2021-01-11T15:14:51 IST">
  <testcase classname="com.crm.qa.testcases.LoginPageTest" name="loginPageTitleTest" time="0.013"/>
  <testcase classname="com.crm.qa.testcases.LoginPageTest" name="crmLogoImageTest" time="0.063"/>
  <testcase classname="com.crm.qa.testcases.LoginPageTest" name="loginTest" time="7.855"/>
</testsuite> <!-- Default test -->
