<?xml version="1.0" encoding="UTF-8"?>
<testng-results ignored="0" total="3" passed="3" failed="0" skipped="0">
  <reporter-output>
  </reporter-output>
  <suite started-at="2021-01-11T15:14:10 IST" name="Default suite" finished-at="2021-01-11T15:14:51 IST" duration-ms="41811">
    <groups>
    </groups>
    <test started-at="2021-01-11T15:14:10 IST" name="Default test" finished-at="2021-01-11T15:14:51 IST" duration-ms="41811">
      <class name="com.crm.qa.testcases.LoginPageTest">
        <test-method is-config="true" signature="SetUp()[pri:0, instance:com.crm.qa.testcases.LoginPageTest@6bf0219d]" started-at="2021-01-11T15:14:10 IST" name="SetUp" finished-at="2021-01-11T15:14:21 IST" duration-ms="11057" status="PASS">
          <reporter-output>
          </reporter-output>
        </test-method> <!-- SetUp -->
        <test-method signature="loginPageTitleTest()[pri:1, instance:com.crm.qa.testcases.LoginPageTest@6bf0219d]" started-at="2021-01-11T15:14:21 IST" name="loginPageTitleTest" finished-at="2021-01-11T15:14:21 IST" duration-ms="13" status="PASS">
          <reporter-output>
          </reporter-output>
        </test-method> <!-- loginPageTitleTest -->
        <test-method is-config="true" signature="tearDown()[pri:0, instance:com.crm.qa.testcases.LoginPageTest@6bf0219d]" started-at="2021-01-11T15:14:21 IST" name="tearDown" finished-at="2021-01-11T15:14:21 IST" duration-ms="663" status="PASS">
          <reporter-output>
          </reporter-output>
        </test-method> <!-- tearDown -->
        <test-method is-config="true" signature="SetUp()[pri:0, instance:com.crm.qa.testcases.LoginPageTest@6bf0219d]" started-at="2021-01-11T15:14:21 IST" name="SetUp" finished-at="2021-01-11T15:14:32 IST" duration-ms="10539" status="PASS">
          <reporter-output>
          </reporter-output>
        </test-method> <!-- SetUp -->
        <test-method signature="crmLogoImageTest()[pri:2, instance:com.crm.qa.testcases.LoginPageTest@6bf0219d]" started-at="2021-01-11T15:14:32 IST" name="crmLogoImageTest" finished-at="2021-01-11T15:14:32 IST" duration-ms="63" status="PASS">
          <reporter-output>
          </reporter-output>
        </test-method> <!-- crmLogoImageTest -->
        <test-method is-config="true" signature="tearDown()[pri:0, instance:com.crm.qa.testcases.LoginPageTest@6bf0219d]" started-at="2021-01-11T15:14:32 IST" name="tearDown" finished-at="2021-01-11T15:14:33 IST" duration-ms="638" status="PASS">
          <reporter-output>
          </reporter-output>
        </test-method> <!-- tearDown -->
        <test-method is-config="true" signature="SetUp()[pri:0, instance:com.crm.qa.testcases.LoginPageTest@6bf0219d]" started-at="2021-01-11T15:14:33 IST" name="SetUp" finished-at="2021-01-11T15:14:43 IST" duration-ms="10295" status="PASS">
          <reporter-output>
          </reporter-output>
        </test-method> <!-- SetUp -->
        <test-method signature="loginTest()[pri:3, instance:com.crm.qa.testcases.LoginPageTest@6bf0219d]" started-at="2021-01-11T15:14:43 IST" name="loginTest" finished-at="2021-01-11T15:14:51 IST" duration-ms="7855" status="PASS">
          <reporter-output>
          </reporter-output>
        </test-method> <!-- loginTest -->
        <test-method is-config="true" signature="tearDown()[pri:0, instance:com.crm.qa.testcases.LoginPageTest@6bf0219d]" started-at="2021-01-11T15:14:51 IST" name="tearDown" finished-at="2021-01-11T15:14:51 IST" duration-ms="649" status="PASS">
          <reporter-output>
          </reporter-output>
        </test-method> <!-- tearDown -->
      </class> <!-- com.crm.qa.testcases.LoginPageTest -->
    </test> <!-- Default test -->
  </suite> <!-- Default suite -->
</testng-results>
